<?xml version="1.0" encoding="UTF-8"?>
<!-- Generated by org.testng.reporters.JUnitXMLReporter -->
<testsuite ignored="0" hostname="DESKTOP-Q0CV3FQ" failures="0" tests="6" name="Default test" time="35.673" errors="0" timestamp="2021-05-04T14:51:13 IST">
  <testcase classname="KTCTC.regression.TableSearchTest" name="verifyNavigateToWebTablepageAndInitializeData" time="0.505"/>
  <testcase classname="KTCTC.regression.TableSearchTest" name="verifyNewUserCanBeAddedOnWebTablePage" time="3.492"/>
  <testcase classname="KTCTC.regression.TableSearchTest" name="verifyAllDetailsOfAddedUser" time="0.873"/>
  <testcase classname="KTCTC.regression.TableSearchTest" name="verifyExistingUserDetailsCanBeEditedOnWebTablePage" time="2.844"/>
  <testcase classname="KTCTC.regression.TableSearchTest" name="verifyAllDetailsOfEditedUser" time="0.73"/>
  <testcase classname="KTCTC.regression.TableSearchTest" name="verifyExistingUserCanBeDeletedOnWebTablePage" time="11.017"/>
</testsuite> <!-- Default test -->
