<?xml version="1.0" encoding="UTF-8"?>
<!-- Generated by org.testng.reporters.JUnitXMLReporter -->
<testsuite ignored="4" hostname="DESKTOP-Q0CV3FQ" failures="0" tests="10" name="Test" time="56.674" errors="0" timestamp="2021-05-10T13:16:40 IST">
  <testcase classname="KTCTC.regression.TableSearchTest" name="verifyNavigateToWebTablepageAndInitializeData" time="0.483"/>
  <testcase classname="KTCTC.regression.TableSearchTest" name="verifyNewUserCanBeAddedOnWebTablePage" time="2.796"/>
  <testcase classname="KTCTC.regression.TableSearchTest" name="verifyAllDetailsOfAddedUser" time="1.081"/>
  <testcase classname="KTCTC.regression.TableSearchTest" name="verifyExistingUserDetailsCanBeEditedOnWebTablePage" time="3.137"/>
  <testcase classname="KTCTC.regression.TableSearchTest" name="verifyAllDetailsOfEditedUser" time="0.698"/>
  <testcase classname="KTCTC.regression.TableSearchTest" name="verifyExistingUserCanBeDeletedOnWebTablePage" time="10.837"/>
  <testcase classname="KTCTC.regression.TextBoxTest" name="verifyNavigateToTextboxPageAndInitializeData" time="0.31"/>
  <testcase classname="KTCTC.regression.TextBoxTest" name="verifyDataAddedAndSubmittedSuccessfully" time="0.816"/>
  <testcase classname="KTCTC.regression.PracticeFormTest" name="navigateToPracticeFormPageAndInitializeData" time="0.364"/>
  <testcase classname="KTCTC.regression.PracticeFormTest" name="verifyFillDataAndSubmitOperation" time="4.244"/>
  <testcase classname="com.uiFramework.KTCTC.testbase.TestBase" name="@BeforeSuite beforeSuite" time="0.0">
    <ignored/>
  </testcase> <!-- @BeforeSuite beforeSuite -->
  <testcase classname="com.uiFramework.KTCTC.testbase.TestBase" name="@BeforeSuite beforeSuite" time="0.0">
    <ignored/>
  </testcase> <!-- @BeforeSuite beforeSuite -->
  <testcase classname="com.uiFramework.KTCTC.testbase.TestBase" name="@AfterSuite afterSuiteMethod" time="0.0">
    <ignored/>
  </testcase> <!-- @AfterSuite afterSuiteMethod -->
  <testcase classname="com.uiFramework.KTCTC.testbase.TestBase" name="@AfterSuite afterSuiteMethod" time="0.0">
    <ignored/>
  </testcase> <!-- @AfterSuite afterSuiteMethod -->
</testsuite> <!-- Test -->
